Building DAG of jobs...
Building DAG of jobs...
Using shell: /usr/bin/bash
Provided cores: 15
Rules claiming more threads will be scaled down.
Job stats:
job                    count    min threads    max threads
-------------------  -------  -------------  -------------
all                        1              1              1
clean_raw_reads            7              5              5
get_host_references        1              5              5
total                      9              1              5

Select jobs to execute...

[Tue Oct  8 17:53:37 2024]
rule clean_raw_reads:
    input: /projects/raw_lab/projects/Bats/bat_gut_micro/data/raw/shotgun/raw-080913-7-ph-sg_R1_001.fastq.gz, /projects/raw_lab/projects/Bats/bat_gut_micro/data/raw/shotgun/raw-080913-7-ph-sg_R2_001.fastq.gz
    output: /projects/raw_lab/projects/Bats/bat_gut_micro/data/tmp/temp_080913-7-ph-sg_1.fastq.gz, /projects/raw_lab/projects/Bats/bat_gut_micro/data/tmp/temp_080913-7-ph-sg_2.fastq.gz, /projects/raw_lab/projects/Bats/bat_gut_micro/data/processed/clean_reads/080913-7-ph-sg_1.fastq.gz, /projects/raw_lab/projects/Bats/bat_gut_micro/data/processed/clean_reads/080913-7-ph-sg_2.fastq.gz
    log: /projects/raw_lab/projects/Bats/bat_gut_micro/workflow/logs/bbduk_080913-7-ph-sg.log
    jobid: 9
    wildcards: sample=080913-7-ph
    threads: 5
    resources: tmpdir=/tmp

Activating conda environment: /projects/raw_lab/projects/Bats/bat_gut_micro/workflow/.snakemake/conda/1dff3349dd707a6ee427fa7584a84a89

[Tue Oct  8 17:53:38 2024]
rule clean_raw_reads:
    input: /projects/raw_lab/projects/Bats/bat_gut_micro/data/raw/shotgun/raw-080813-19-pd-sg_R1_001.fastq.gz, /projects/raw_lab/projects/Bats/bat_gut_micro/data/raw/shotgun/raw-080813-19-pd-sg_R2_001.fastq.gz
    output: /projects/raw_lab/projects/Bats/bat_gut_micro/data/tmp/temp_080813-19-pd-sg_1.fastq.gz, /projects/raw_lab/projects/Bats/bat_gut_micro/data/tmp/temp_080813-19-pd-sg_2.fastq.gz, /projects/raw_lab/projects/Bats/bat_gut_micro/data/processed/clean_reads/080813-19-pd-sg_1.fastq.gz, /projects/raw_lab/projects/Bats/bat_gut_micro/data/processed/clean_reads/080813-19-pd-sg_2.fastq.gz
    log: /projects/raw_lab/projects/Bats/bat_gut_micro/workflow/logs/bbduk_080813-19-pd-sg.log
    jobid: 6
    wildcards: sample=080813-19-pd
    threads: 5
    resources: tmpdir=/tmp

Activating conda environment: /projects/raw_lab/projects/Bats/bat_gut_micro/workflow/.snakemake/conda/1dff3349dd707a6ee427fa7584a84a89

[Tue Oct  8 17:53:38 2024]
rule clean_raw_reads:
    input: /projects/raw_lab/projects/Bats/bat_gut_micro/data/raw/shotgun/raw-080913-2-mc-sg_R1_001.fastq.gz, /projects/raw_lab/projects/Bats/bat_gut_micro/data/raw/shotgun/raw-080913-2-mc-sg_R2_001.fastq.gz
    output: /projects/raw_lab/projects/Bats/bat_gut_micro/data/tmp/temp_080913-2-mc-sg_1.fastq.gz, /projects/raw_lab/projects/Bats/bat_gut_micro/data/tmp/temp_080913-2-mc-sg_2.fastq.gz, /projects/raw_lab/projects/Bats/bat_gut_micro/data/processed/clean_reads/080913-2-mc-sg_1.fastq.gz, /projects/raw_lab/projects/Bats/bat_gut_micro/data/processed/clean_reads/080913-2-mc-sg_2.fastq.gz
    log: /projects/raw_lab/projects/Bats/bat_gut_micro/workflow/logs/bbduk_080913-2-mc-sg.log
    jobid: 8
    wildcards: sample=080913-2-mc
    threads: 5
    resources: tmpdir=/tmp

Activating conda environment: /projects/raw_lab/projects/Bats/bat_gut_micro/workflow/.snakemake/conda/1dff3349dd707a6ee427fa7584a84a89
Removing temporary output file /projects/raw_lab/projects/Bats/bat_gut_micro/data/tmp/temp_080913-7-ph-sg_1.fastq.gz.
Removing temporary output file /projects/raw_lab/projects/Bats/bat_gut_micro/data/tmp/temp_080913-7-ph-sg_2.fastq.gz.
[Tue Oct  8 18:39:49 2024]
Finished job 9.
1 of 9 steps (11%) done
Select jobs to execute...

[Tue Oct  8 18:39:49 2024]
rule clean_raw_reads:
    input: /projects/raw_lab/projects/Bats/bat_gut_micro/data/raw/shotgun/raw-NBS1079E-30-542494038-sg_R1_001.fastq.gz, /projects/raw_lab/projects/Bats/bat_gut_micro/data/raw/shotgun/raw-NBS1079E-30-542494038-sg_R2_001.fastq.gz
    output: /projects/raw_lab/projects/Bats/bat_gut_micro/data/tmp/temp_NBS1079E-30-542494038-sg_1.fastq.gz, /projects/raw_lab/projects/Bats/bat_gut_micro/data/tmp/temp_NBS1079E-30-542494038-sg_2.fastq.gz, /projects/raw_lab/projects/Bats/bat_gut_micro/data/processed/clean_reads/NBS1079E-30-542494038-sg_1.fastq.gz, /projects/raw_lab/projects/Bats/bat_gut_micro/data/processed/clean_reads/NBS1079E-30-542494038-sg_2.fastq.gz
    log: /projects/raw_lab/projects/Bats/bat_gut_micro/workflow/logs/bbduk_NBS1079E-30-542494038-sg.log
    jobid: 3
    wildcards: sample=NBS1079E-30-542494038
    threads: 5
    resources: tmpdir=/tmp

Activating conda environment: /projects/raw_lab/projects/Bats/bat_gut_micro/workflow/.snakemake/conda/1dff3349dd707a6ee427fa7584a84a89
Removing temporary output file /projects/raw_lab/projects/Bats/bat_gut_micro/data/tmp/temp_080813-19-pd-sg_1.fastq.gz.
Removing temporary output file /projects/raw_lab/projects/Bats/bat_gut_micro/data/tmp/temp_080813-19-pd-sg_2.fastq.gz.
[Tue Oct  8 19:18:20 2024]
Finished job 6.
2 of 9 steps (22%) done
Select jobs to execute...

[Tue Oct  8 19:18:20 2024]
rule clean_raw_reads:
    input: /projects/raw_lab/projects/Bats/bat_gut_micro/data/raw/shotgun/raw-NBS1051F-30-542494038-sg_R1_001.fastq.gz, /projects/raw_lab/projects/Bats/bat_gut_micro/data/raw/shotgun/raw-NBS1051F-30-542494038-sg_R2_001.fastq.gz
    output: /projects/raw_lab/projects/Bats/bat_gut_micro/data/tmp/temp_NBS1051F-30-542494038-sg_1.fastq.gz, /projects/raw_lab/projects/Bats/bat_gut_micro/data/tmp/temp_NBS1051F-30-542494038-sg_2.fastq.gz, /projects/raw_lab/projects/Bats/bat_gut_micro/data/processed/clean_reads/NBS1051F-30-542494038-sg_1.fastq.gz, /projects/raw_lab/projects/Bats/bat_gut_micro/data/processed/clean_reads/NBS1051F-30-542494038-sg_2.fastq.gz
    log: /projects/raw_lab/projects/Bats/bat_gut_micro/workflow/logs/bbduk_NBS1051F-30-542494038-sg.log
    jobid: 1
    wildcards: sample=NBS1051F-30-542494038
    threads: 5
    resources: tmpdir=/tmp

Activating conda environment: /projects/raw_lab/projects/Bats/bat_gut_micro/workflow/.snakemake/conda/1dff3349dd707a6ee427fa7584a84a89
Removing temporary output file /projects/raw_lab/projects/Bats/bat_gut_micro/data/tmp/temp_NBS1079E-30-542494038-sg_1.fastq.gz.
Removing temporary output file /projects/raw_lab/projects/Bats/bat_gut_micro/data/tmp/temp_NBS1079E-30-542494038-sg_2.fastq.gz.
[Tue Oct  8 19:25:53 2024]
Finished job 3.
3 of 9 steps (33%) done
Select jobs to execute...

[Tue Oct  8 19:25:53 2024]
rule clean_raw_reads:
    input: /projects/raw_lab/projects/Bats/bat_gut_micro/data/raw/shotgun/raw-NBS1079E-30-550131958-sg_R1_001.fastq.gz, /projects/raw_lab/projects/Bats/bat_gut_micro/data/raw/shotgun/raw-NBS1079E-30-550131958-sg_R2_001.fastq.gz
    output: /projects/raw_lab/projects/Bats/bat_gut_micro/data/tmp/temp_NBS1079E-30-550131958-sg_1.fastq.gz, /projects/raw_lab/projects/Bats/bat_gut_micro/data/tmp/temp_NBS1079E-30-550131958-sg_2.fastq.gz, /projects/raw_lab/projects/Bats/bat_gut_micro/data/processed/clean_reads/NBS1079E-30-550131958-sg_1.fastq.gz, /projects/raw_lab/projects/Bats/bat_gut_micro/data/processed/clean_reads/NBS1079E-30-550131958-sg_2.fastq.gz
    log: /projects/raw_lab/projects/Bats/bat_gut_micro/workflow/logs/bbduk_NBS1079E-30-550131958-sg.log
    jobid: 4
    wildcards: sample=NBS1079E-30-550131958
    threads: 5
    resources: tmpdir=/tmp

Activating conda environment: /projects/raw_lab/projects/Bats/bat_gut_micro/workflow/.snakemake/conda/1dff3349dd707a6ee427fa7584a84a89
Removing temporary output file /projects/raw_lab/projects/Bats/bat_gut_micro/data/tmp/temp_NBS1079E-30-550131958-sg_1.fastq.gz.
Removing temporary output file /projects/raw_lab/projects/Bats/bat_gut_micro/data/tmp/temp_NBS1079E-30-550131958-sg_2.fastq.gz.
[Tue Oct  8 19:31:25 2024]
Finished job 4.
4 of 9 steps (44%) done
Select jobs to execute...

[Tue Oct  8 19:31:25 2024]
rule clean_raw_reads:
    input: /projects/raw_lab/projects/Bats/bat_gut_micro/data/raw/shotgun/raw-NBS1051F-sg_R1_001.fastq.gz, /projects/raw_lab/projects/Bats/bat_gut_micro/data/raw/shotgun/raw-NBS1051F-sg_R2_001.fastq.gz
    output: /projects/raw_lab/projects/Bats/bat_gut_micro/data/tmp/temp_NBS1051F-sg_1.fastq.gz, /projects/raw_lab/projects/Bats/bat_gut_micro/data/tmp/temp_NBS1051F-sg_2.fastq.gz, /projects/raw_lab/projects/Bats/bat_gut_micro/data/processed/clean_reads/NBS1051F-sg_1.fastq.gz, /projects/raw_lab/projects/Bats/bat_gut_micro/data/processed/clean_reads/NBS1051F-sg_2.fastq.gz
    log: /projects/raw_lab/projects/Bats/bat_gut_micro/workflow/logs/bbduk_NBS1051F-sg.log
    jobid: 2
    wildcards: sample=NBS1051F
    threads: 5
    resources: tmpdir=/tmp

Activating conda environment: /projects/raw_lab/projects/Bats/bat_gut_micro/workflow/.snakemake/conda/1dff3349dd707a6ee427fa7584a84a89
Removing temporary output file /projects/raw_lab/projects/Bats/bat_gut_micro/data/tmp/temp_NBS1051F-sg_1.fastq.gz.
Removing temporary output file /projects/raw_lab/projects/Bats/bat_gut_micro/data/tmp/temp_NBS1051F-sg_2.fastq.gz.
[Tue Oct  8 19:36:41 2024]
Finished job 2.
5 of 9 steps (56%) done
Select jobs to execute...

[Tue Oct  8 19:36:41 2024]
rule get_host_references:
    input: /projects/raw_lab/projects/Bats/bat_gut_micro/data/references/bat_host_accessions.txt
    output: /projects/raw_lab/projects/Bats/bat_gut_micro/data/references/bat_references.zip
    log: /projects/raw_lab/projects/Bats/bat_gut_micro/workflow/logs/bat_host_accessions.log
    jobid: 10
    threads: 5
    resources: tmpdir=/tmp

Activating conda environment: /projects/raw_lab/projects/Bats/bat_gut_micro/workflow/.snakemake/conda/9ee16c57880082178b9cfe87ed28a861
Removing temporary output file /projects/raw_lab/projects/Bats/bat_gut_micro/data/tmp/temp_NBS1051F-30-542494038-sg_1.fastq.gz.
Removing temporary output file /projects/raw_lab/projects/Bats/bat_gut_micro/data/tmp/temp_NBS1051F-30-542494038-sg_2.fastq.gz.
[Tue Oct  8 19:43:30 2024]
Finished job 1.
6 of 9 steps (67%) done
[Tue Oct  8 19:44:42 2024]
Finished job 10.
7 of 9 steps (78%) done
Removing temporary output file /projects/raw_lab/projects/Bats/bat_gut_micro/data/tmp/temp_080913-2-mc-sg_1.fastq.gz.
Removing temporary output file /projects/raw_lab/projects/Bats/bat_gut_micro/data/tmp/temp_080913-2-mc-sg_2.fastq.gz.
[Tue Oct  8 20:44:00 2024]
Finished job 8.
8 of 9 steps (89%) done
Select jobs to execute...

[Tue Oct  8 20:44:00 2024]
localrule all:
    input: /projects/raw_lab/projects/Bats/bat_gut_micro/data/processed/clean_reads/NBS1051F-30-542494038-sg_1.fastq.gz, /projects/raw_lab/projects/Bats/bat_gut_micro/data/processed/clean_reads/NBS1051F-sg_1.fastq.gz, /projects/raw_lab/projects/Bats/bat_gut_micro/data/processed/clean_reads/NBS1079E-30-542494038-sg_1.fastq.gz, /projects/raw_lab/projects/Bats/bat_gut_micro/data/processed/clean_reads/NBS1079E-30-550131958-sg_1.fastq.gz, /projects/raw_lab/projects/Bats/bat_gut_micro/data/processed/clean_reads/080613-8-pd-sg_1.fastq.gz, /projects/raw_lab/projects/Bats/bat_gut_micro/data/processed/clean_reads/080813-19-pd-sg_1.fastq.gz, /projects/raw_lab/projects/Bats/bat_gut_micro/data/processed/clean_reads/080813-7-mc-sg_1.fastq.gz, /projects/raw_lab/projects/Bats/bat_gut_micro/data/processed/clean_reads/080913-2-mc-sg_1.fastq.gz, /projects/raw_lab/projects/Bats/bat_gut_micro/data/processed/clean_reads/080913-7-ph-sg_1.fastq.gz, /projects/raw_lab/projects/Bats/bat_gut_micro/data/processed/clean_reads/NBS1051F-30-542494038-sg_1.fastq.gz, /projects/raw_lab/projects/Bats/bat_gut_micro/data/processed/clean_reads/NBS1051F-sg_1.fastq.gz, /projects/raw_lab/projects/Bats/bat_gut_micro/data/processed/clean_reads/NBS1079E-30-542494038-sg_1.fastq.gz, /projects/raw_lab/projects/Bats/bat_gut_micro/data/processed/clean_reads/NBS1079E-30-550131958-sg_1.fastq.gz, /projects/raw_lab/projects/Bats/bat_gut_micro/data/processed/clean_reads/080613-8-pd-sg_1.fastq.gz, /projects/raw_lab/projects/Bats/bat_gut_micro/data/processed/clean_reads/080813-19-pd-sg_1.fastq.gz, /projects/raw_lab/projects/Bats/bat_gut_micro/data/processed/clean_reads/080813-7-mc-sg_1.fastq.gz, /projects/raw_lab/projects/Bats/bat_gut_micro/data/processed/clean_reads/080913-2-mc-sg_1.fastq.gz, /projects/raw_lab/projects/Bats/bat_gut_micro/data/processed/clean_reads/080913-7-ph-sg_1.fastq.gz, /projects/raw_lab/projects/Bats/bat_gut_micro/data/references/bat_references.zip
    jobid: 0
    resources: tmpdir=/tmp

[Tue Oct  8 20:44:00 2024]
Finished job 0.
9 of 9 steps (100%) done
Complete log: /projects/raw_lab/projects/Bats/bat_gut_micro/workflow/.snakemake/log/2024-10-08T175335.693106.snakemake.log
