Building DAG of jobs...
Building DAG of jobs...
Using shell: /usr/bin/bash
Provided cores: 15
Rules claiming more threads will be scaled down.
Job stats:
job                    count    min threads    max threads
-------------------  -------  -------------  -------------
all                        1              1              1
get_host_references        1              5              5
total                      2              1              5

Select jobs to execute...

[Wed Oct  9 11:50:43 2024]
rule get_host_references:
    input: /projects/raw_lab/projects/Bats/bat_gut_micro/data/references/bat_host_accessions.txt
    output: /projects/raw_lab/projects/Bats/bat_gut_micro/data/references/bat_references.zip, /projects/raw_lab/projects/Bats/bat_gut_micro/data/references/ncbi_dataset/data/dataset_catalog.json
    log: /projects/raw_lab/projects/Bats/bat_gut_micro/workflow/logs/bat_host_accessions.log
    jobid: 10
    threads: 5
    resources: tmpdir=/tmp

Activating conda environment: /projects/raw_lab/projects/Bats/bat_gut_micro/workflow/.snakemake/conda/9ee16c57880082178b9cfe87ed28a861
[Wed Oct  9 12:35:26 2024]
Error in rule get_host_references:
    jobid: 10
    output: /projects/raw_lab/projects/Bats/bat_gut_micro/data/references/bat_references.zip, /projects/raw_lab/projects/Bats/bat_gut_micro/data/references/ncbi_dataset/data/dataset_catalog.json
    log: /projects/raw_lab/projects/Bats/bat_gut_micro/workflow/logs/bat_host_accessions.log (check log file(s) for error message)
    conda-env: /projects/raw_lab/projects/Bats/bat_gut_micro/workflow/.snakemake/conda/9ee16c57880082178b9cfe87ed28a861
    shell:
        
            (bash /projects/raw_lab/projects/Bats/bat_gut_micro/workflow/scripts/retreve_host_references.sh /projects/raw_lab/projects/Bats/bat_gut_micro/data/references/bat_host_accessions.txt /projects/raw_lab/projects/Bats/bat_gut_micro/data/references/bat_references.zip /projects/raw_lab/projects/Bats/bat_gut_micro/data/references/ncbi_dataset/data/dataset_catalog.json) 2> /projects/raw_lab/projects/Bats/bat_gut_micro/workflow/logs/bat_host_accessions.log
        
        (one of the commands exited with non-zero exit code; note that snakemake uses bash strict mode!)

Removing output files of failed job get_host_references since they might be corrupted:
/projects/raw_lab/projects/Bats/bat_gut_micro/data/references/bat_references.zip
Shutting down, this might take some time.
Exiting because a job execution failed. Look above for error message
Complete log: /projects/raw_lab/projects/Bats/bat_gut_micro/workflow/.snakemake/log/2024-10-09T115042.390059.snakemake.log
