java -ea -Xmx1g -Xms1g -cp /projects/raw_lab/projects/Bats/bat_gut_micro/workflow/.snakemake/conda/1dff3349dd707a6ee427fa7584a84a89/opt/bbmap-39.09-0/current/ jgi.BBDuk -Xmx1g in1=/projects/raw_lab/projects/Bats/bat_gut_micro/data/raw/shotgun/raw-080913-7-ph-sg_R1_001.fastq.gz in2=/projects/raw_lab/projects/Bats/bat_gut_micro/data/raw/shotgun/raw-080913-7-ph-sg_R2_001.fastq.gz out1=/projects/raw_lab/projects/Bats/bat_gut_micro/data/tmp/temp_080913-7-ph-sg_1.fastq.gz out2=/projects/raw_lab/projects/Bats/bat_gut_micro/data/tmp/temp_080913-7-ph-sg_2.fastq.gz ref=/users/troger50/.conda/envs/bbmap/share/bbmap/resources/adapters.fa ktrim=r k=21 qin=auto mink=11 hdist=2 tbo tpe
Executing jgi.BBDuk [-Xmx1g, in1=/projects/raw_lab/projects/Bats/bat_gut_micro/data/raw/shotgun/raw-080913-7-ph-sg_R1_001.fastq.gz, in2=/projects/raw_lab/projects/Bats/bat_gut_micro/data/raw/shotgun/raw-080913-7-ph-sg_R2_001.fastq.gz, out1=/projects/raw_lab/projects/Bats/bat_gut_micro/data/tmp/temp_080913-7-ph-sg_1.fastq.gz, out2=/projects/raw_lab/projects/Bats/bat_gut_micro/data/tmp/temp_080913-7-ph-sg_2.fastq.gz, ref=/users/troger50/.conda/envs/bbmap/share/bbmap/resources/adapters.fa, ktrim=r, k=21, qin=auto, mink=11, hdist=2, tbo, tpe]
Version 39.09

maskMiddle was disabled because useShortKmers=true
0.238 seconds.
Initial:
Memory: max=1073m, total=1073m, free=1043m, used=30m

Added 5293385 kmers; time: 	1.106 seconds.
Memory: max=1073m, total=1073m, free=883m, used=190m

Input is being processed as paired
Started output streams:	3.651 seconds.
Processing time:   		2148.949 seconds.

Input:                  	229032402 reads 		34354860300 bases.
KTrimmed:               	5507616 reads (2.40%) 	150449646 bases (0.44%)
Trimmed by overlap:     	1020 reads (0.00%) 	82496 bases (0.00%)
Total Removed:          	33244 reads (0.01%) 	150532142 bases (0.44%)
Result:                 	228999158 reads (99.99%) 	34204328158 bases (99.56%)

Time:                         	2153.708 seconds.
Reads Processed:        229m 	106.34k reads/sec
Bases Processed:      34354m 	15.95m bases/sec
java -ea -Xmx1g -Xms1g -cp /projects/raw_lab/projects/Bats/bat_gut_micro/workflow/.snakemake/conda/1dff3349dd707a6ee427fa7584a84a89/opt/bbmap-39.09-0/current/ jgi.BBDuk -Xmx1g in1=/projects/raw_lab/projects/Bats/bat_gut_micro/data/tmp/temp_080913-7-ph-sg_1.fastq.gz in2=/projects/raw_lab/projects/Bats/bat_gut_micro/data/tmp/temp_080913-7-ph-sg_2.fastq.gz out1=/projects/raw_lab/projects/Bats/bat_gut_micro/data/processed/clean_reads/080913-7-ph-sg_1.fastq.gz out2=/projects/raw_lab/projects/Bats/bat_gut_micro/data/processed/clean_reads/080913-7-ph-sg_2.fastq.gz ref=/users/troger50/.conda/envs/bbmap/share/bbmap/resources/phix174_ill.ref.fa.gz k=27 hdist=1 qtrim=rl trimq=17 cardinality=t mingc=0.05 maxgc=0.95
Executing jgi.BBDuk [-Xmx1g, in1=/projects/raw_lab/projects/Bats/bat_gut_micro/data/tmp/temp_080913-7-ph-sg_1.fastq.gz, in2=/projects/raw_lab/projects/Bats/bat_gut_micro/data/tmp/temp_080913-7-ph-sg_2.fastq.gz, out1=/projects/raw_lab/projects/Bats/bat_gut_micro/data/processed/clean_reads/080913-7-ph-sg_1.fastq.gz, out2=/projects/raw_lab/projects/Bats/bat_gut_micro/data/processed/clean_reads/080913-7-ph-sg_2.fastq.gz, ref=/users/troger50/.conda/envs/bbmap/share/bbmap/resources/phix174_ill.ref.fa.gz, k=27, hdist=1, qtrim=rl, trimq=17, cardinality=t, mingc=0.05, maxgc=0.95]
Version 39.09

0.033 seconds.
Initial:
Memory: max=1073m, total=1073m, free=1043m, used=30m

Added 423440 kmers; time: 	0.096 seconds.
Memory: max=1073m, total=1073m, free=1038m, used=35m

Input is being processed as paired
Started output streams:	0.130 seconds.
Processing time:   		610.430 seconds.

Input:                  	228999158 reads 		34204328158 bases.
Contaminants:           	0 reads (0.00%) 	0 bases (0.00%)
QTrimmed:               	168380440 reads (73.53%) 	2901348328 bases (8.48%)
Filtered by GC:         	15674 reads (0.01%) 	2313170 bases (0.01%)
Total Removed:          	2370854 reads (1.04%) 	2903661498 bases (8.49%)
Result:                 	226628304 reads (98.96%) 	31300666660 bases (91.51%)
Unique 31-mers:         	2362439185

Time:                         	610.756 seconds.
Reads Processed:        228m 	374.94k reads/sec
Bases Processed:      34204m 	56.00m bases/sec
