java -ea -Xmx1g -Xms1g -cp /projects/raw_lab/projects/Bats/bat_gut_micro/workflow/.snakemake/conda/1dff3349dd707a6ee427fa7584a84a89/opt/bbmap-39.09-0/current/ jgi.BBDuk -Xmx1g in1=/projects/raw_lab/projects/Bats/bat_gut_micro/data/raw/shotgun/raw-NBS1079E-30-542494038-sg_R1_001.fastq.gz in2=/projects/raw_lab/projects/Bats/bat_gut_micro/data/raw/shotgun/raw-NBS1079E-30-542494038-sg_R2_001.fastq.gz out1=/projects/raw_lab/projects/Bats/bat_gut_micro/data/tmp/temp_NBS1079E-30-542494038-sg_1.fastq.gz out2=/projects/raw_lab/projects/Bats/bat_gut_micro/data/tmp/temp_NBS1079E-30-542494038-sg_2.fastq.gz ref=/users/troger50/.conda/envs/bbmap/share/bbmap/resources/adapters.fa ktrim=r k=21 qin=auto mink=11 hdist=2 tbo tpe
Executing jgi.BBDuk [-Xmx1g, in1=/projects/raw_lab/projects/Bats/bat_gut_micro/data/raw/shotgun/raw-NBS1079E-30-542494038-sg_R1_001.fastq.gz, in2=/projects/raw_lab/projects/Bats/bat_gut_micro/data/raw/shotgun/raw-NBS1079E-30-542494038-sg_R2_001.fastq.gz, out1=/projects/raw_lab/projects/Bats/bat_gut_micro/data/tmp/temp_NBS1079E-30-542494038-sg_1.fastq.gz, out2=/projects/raw_lab/projects/Bats/bat_gut_micro/data/tmp/temp_NBS1079E-30-542494038-sg_2.fastq.gz, ref=/users/troger50/.conda/envs/bbmap/share/bbmap/resources/adapters.fa, ktrim=r, k=21, qin=auto, mink=11, hdist=2, tbo, tpe]
Version 39.09

maskMiddle was disabled because useShortKmers=true
0.022 seconds.
Initial:
Memory: max=1073m, total=1073m, free=1043m, used=30m

Added 5293385 kmers; time: 	1.042 seconds.
Memory: max=1073m, total=1073m, free=883m, used=190m

Input is being processed as paired
Started output streams:	0.173 seconds.
Processing time:   		2473.093 seconds.

Input:                  	190650956 reads 		28597643400 bases.
KTrimmed:               	90612944 reads (47.53%) 	12543315808 bases (43.86%)
Trimmed by overlap:     	2449008 reads (1.28%) 	13430798 bases (0.05%)
Total Removed:          	79891928 reads (41.90%) 	12556746606 bases (43.91%)
Result:                 	110759028 reads (58.10%) 	16040896794 bases (56.09%)

Time:                         	2474.309 seconds.
Reads Processed:        190m 	77.05k reads/sec
Bases Processed:      28597m 	11.56m bases/sec
java -ea -Xmx1g -Xms1g -cp /projects/raw_lab/projects/Bats/bat_gut_micro/workflow/.snakemake/conda/1dff3349dd707a6ee427fa7584a84a89/opt/bbmap-39.09-0/current/ jgi.BBDuk -Xmx1g in1=/projects/raw_lab/projects/Bats/bat_gut_micro/data/tmp/temp_NBS1079E-30-542494038-sg_1.fastq.gz in2=/projects/raw_lab/projects/Bats/bat_gut_micro/data/tmp/temp_NBS1079E-30-542494038-sg_2.fastq.gz out1=/projects/raw_lab/projects/Bats/bat_gut_micro/data/processed/clean_reads/NBS1079E-30-542494038-sg_1.fastq.gz out2=/projects/raw_lab/projects/Bats/bat_gut_micro/data/processed/clean_reads/NBS1079E-30-542494038-sg_2.fastq.gz ref=/users/troger50/.conda/envs/bbmap/share/bbmap/resources/phix174_ill.ref.fa.gz k=27 hdist=1 qtrim=rl trimq=17 cardinality=t mingc=0.05 maxgc=0.95
Executing jgi.BBDuk [-Xmx1g, in1=/projects/raw_lab/projects/Bats/bat_gut_micro/data/tmp/temp_NBS1079E-30-542494038-sg_1.fastq.gz, in2=/projects/raw_lab/projects/Bats/bat_gut_micro/data/tmp/temp_NBS1079E-30-542494038-sg_2.fastq.gz, out1=/projects/raw_lab/projects/Bats/bat_gut_micro/data/processed/clean_reads/NBS1079E-30-542494038-sg_1.fastq.gz, out2=/projects/raw_lab/projects/Bats/bat_gut_micro/data/processed/clean_reads/NBS1079E-30-542494038-sg_2.fastq.gz, ref=/users/troger50/.conda/envs/bbmap/share/bbmap/resources/phix174_ill.ref.fa.gz, k=27, hdist=1, qtrim=rl, trimq=17, cardinality=t, mingc=0.05, maxgc=0.95]
Version 39.09

0.024 seconds.
Initial:
Memory: max=1073m, total=1073m, free=1043m, used=30m

Added 423440 kmers; time: 	0.077 seconds.
Memory: max=1073m, total=1073m, free=1038m, used=35m

Input is being processed as paired
Started output streams:	0.063 seconds.
Processing time:   		284.817 seconds.

Input:                  	110759028 reads 		16040896794 bases.
Contaminants:           	0 reads (0.00%) 	0 bases (0.00%)
QTrimmed:               	62161505 reads (56.12%) 	775118477 bases (4.83%)
Filtered by GC:         	28750 reads (0.03%) 	4056976 bases (0.03%)
Total Removed:          	1606328 reads (1.45%) 	779175453 bases (4.86%)
Result:                 	109152700 reads (98.55%) 	15261721341 bases (95.14%)
Unique 31-mers:         	655806581

Time:                         	284.969 seconds.
Reads Processed:        110m 	388.67k reads/sec
Bases Processed:      16040m 	56.29m bases/sec
