Archive:  /projects/raw_lab/projects/Bats/bat_gut_micro/data/references/bat_references.zip
  inflating: /projects/raw_lab/projects/Bats/bat_gut_micro/data/references/ncbi_dataset/data/assembly_data_report.jsonl  
  inflating: /projects/raw_lab/projects/Bats/bat_gut_micro/data/references/ncbi_dataset/data/GCA_004126475.3/GCA_004126475.3_mPhyDis1.pri.v3_genomic.fna  
  inflating: /projects/raw_lab/projects/Bats/bat_gut_micro/data/references/ncbi_dataset/data/GCA_019186645.2/GCA_019186645.2_TTU_PhHast_1.1_genomic.fna  
  inflating: /projects/raw_lab/projects/Bats/bat_gut_micro/data/references/ncbi_dataset/data/GCA_028538775.1/GCA_028538775.1_mMyoYum1.0.hap1_genomic.fna  
  inflating: /projects/raw_lab/projects/Bats/bat_gut_micro/data/references/ncbi_dataset/data/GCA_036768555.1/GCA_036768555.1_ASM3676855v1_genomic.fna  
  inflating: /projects/raw_lab/projects/Bats/bat_gut_micro/data/references/ncbi_dataset/data/GCA_004126475.3/sequence_report.jsonl  
  inflating: /projects/raw_lab/projects/Bats/bat_gut_micro/data/references/ncbi_dataset/data/GCA_019186645.2/sequence_report.jsonl  
  inflating: /projects/raw_lab/projects/Bats/bat_gut_micro/data/references/ncbi_dataset/data/GCA_028538775.1/sequence_report.jsonl  
  inflating: /projects/raw_lab/projects/Bats/bat_gut_micro/data/references/ncbi_dataset/data/GCA_036768555.1/sequence_report.jsonl  
  inflating: /projects/raw_lab/projects/Bats/bat_gut_micro/data/references/ncbi_dataset/data/dataset_catalog.json  

Starting Titan Pipeline

Running RAY on 1 node(s)
Using 10 CPUs per node

STEP 1: Loading sequence files:
Processing 9 fastq sequences
Processing 0 fasta sequences
Processing 0 protein Sequences

STEP 2: Checking quality of fastq files

STEP 3: Decontaminating fastq files

Creating Reports at /projects/raw_lab/projects/Bats/bat_gut_micro/titan_project/data/processed/titan_output/decon_megahit/step_14-report

Finished Pipeline

Starting Titan Pipeline

Running RAY on 1 node(s)
Using 10 CPUs per node

STEP 1: Loading sequence files:
Processing 9 fastq sequences
Processing 0 fasta sequences
Processing 0 protein Sequences

STEP 2: Checking quality of fastq files

STEP 3: Decontaminating fastq files

Creating Reports at /projects/raw_lab/projects/Bats/bat_gut_micro/titan_project/data/processed/titan_output/decon_spades/step_14-report

Finished Pipeline
